<?xml version="1.0" encoding="UTF-8"?>
<testsuite name="org.example.springboot.web.PostsApiControllerTest" tests="2" skipped="0" failures="0" errors="0" timestamp="2020-01-11T10:34:42" hostname="hwanyui-MacBook-Pro.local" time="0.3">
  <properties/>
  <testcase name="postsUpdate" classname="org.example.springboot.web.PostsApiControllerTest" time="0.273"/>
  <testcase name="postSave" classname="org.example.springboot.web.PostsApiControllerTest" time="0.026"/>
  <system-out><![CDATA[2020-01-11 19:34:42.702  INFO 5832 --- [    Test worker] .b.t.c.SpringBootTestContextBootstrapper : Neither @ContextConfiguration nor @ContextHierarchy found for test class [org.example.springboot.web.PostsApiControllerTest], using SpringBootContextLoader
2020-01-11 19:34:42.703  INFO 5832 --- [    Test worker] o.s.t.c.support.AbstractContextLoader    : Could not detect default resource locations for test class [org.example.springboot.web.PostsApiControllerTest]: no resource found for suffixes {-context.xml, Context.groovy}.
2020-01-11 19:34:42.703  INFO 5832 --- [    Test worker] t.c.s.AnnotationConfigContextLoaderUtils : Could not detect default configuration classes for test class [org.example.springboot.web.PostsApiControllerTest]: PostsApiControllerTest does not declare any static, non-private, non-final, nested classes annotated with @Configuration.
2020-01-11 19:34:42.705  INFO 5832 --- [    Test worker] .b.t.c.SpringBootTestContextBootstrapper : Found @SpringBootConfiguration org.example.springboot.Application for test class org.example.springboot.web.PostsApiControllerTest
2020-01-11 19:34:42.706  INFO 5832 --- [    Test worker] .b.t.c.SpringBootTestContextBootstrapper : Loaded default TestExecutionListener class names from location [META-INF/spring.factories]: [org.springframework.security.test.context.support.WithSecurityContextTestExecutionListener, org.springframework.security.test.context.support.ReactorContextTestExecutionListener, org.springframework.boot.test.autoconfigure.restdocs.RestDocsTestExecutionListener, org.springframework.boot.test.autoconfigure.web.client.MockRestServiceServerResetTestExecutionListener, org.springframework.boot.test.autoconfigure.web.servlet.MockMvcPrintOnlyOnFailureTestExecutionListener, org.springframework.boot.test.autoconfigure.web.servlet.WebDriverTestExecutionListener, org.springframework.boot.test.mock.mockito.MockitoTestExecutionListener, org.springframework.boot.test.mock.mockito.ResetMocksTestExecutionListener, org.springframework.test.context.web.ServletTestExecutionListener, org.springframework.test.context.support.DirtiesContextBeforeModesTestExecutionListener, org.springframework.test.context.support.DependencyInjectionTestExecutionListener, org.springframework.test.context.support.DirtiesContextTestExecutionListener, org.springframework.test.context.transaction.TransactionalTestExecutionListener, org.springframework.test.context.jdbc.SqlScriptsTestExecutionListener]
2020-01-11 19:34:42.707  INFO 5832 --- [    Test worker] .b.t.c.SpringBootTestContextBootstrapper : Using TestExecutionListeners: [org.springframework.test.context.web.ServletTestExecutionListener@2ab7f26e, org.springframework.test.context.support.DirtiesContextBeforeModesTestExecutionListener@162b9365, org.springframework.boot.test.mock.mockito.MockitoTestExecutionListener@17abb859, org.springframework.boot.test.autoconfigure.SpringBootDependencyInjectionTestExecutionListener@18927f10, org.springframework.test.context.support.DirtiesContextTestExecutionListener@da3caee, org.springframework.test.context.transaction.TransactionalTestExecutionListener@47d9d084, org.springframework.test.context.jdbc.SqlScriptsTestExecutionListener@dfac156, org.springframework.security.test.context.support.WithSecurityContextTestExecutionListener@69b5506, org.springframework.security.test.context.support.ReactorContextTestExecutionListener@15fc1b81, org.springframework.boot.test.autoconfigure.restdocs.RestDocsTestExecutionListener@1c28a44a, org.springframework.boot.test.autoconfigure.web.client.MockRestServiceServerResetTestExecutionListener@470326e8, org.springframework.boot.test.autoconfigure.web.servlet.MockMvcPrintOnlyOnFailureTestExecutionListener@1bec686b, org.springframework.boot.test.autoconfigure.web.servlet.WebDriverTestExecutionListener@6eb95884, org.springframework.boot.test.mock.mockito.ResetMocksTestExecutionListener@37eaabed]
2020-01-11 19:34:42.722  INFO 5832 --- [    Test worker] o.a.c.c.C.[Tomcat].[localhost].[/]       : Initializing Spring TestDispatcherServlet ''
2020-01-11 19:34:42.722  INFO 5832 --- [    Test worker] o.s.t.web.servlet.TestDispatcherServlet  : Initializing Servlet ''
2020-01-11 19:34:42.732  INFO 5832 --- [    Test worker] o.s.t.web.servlet.TestDispatcherServlet  : Completed initialization in 10 ms
2020-01-11 19:34:42.991  INFO 5832 --- [    Test worker] o.a.c.c.C.[Tomcat].[localhost].[/]       : Initializing Spring TestDispatcherServlet ''
2020-01-11 19:34:42.992  INFO 5832 --- [    Test worker] o.s.t.web.servlet.TestDispatcherServlet  : Initializing Servlet ''
2020-01-11 19:34:42.996  INFO 5832 --- [    Test worker] o.s.t.web.servlet.TestDispatcherServlet  : Completed initialization in 4 ms
]]></system-out>
  <system-err><![CDATA[]]></system-err>
</testsuite>
