<?xml version="1.0" encoding="UTF-8"?>
<testsuite name="org.example.springboot.web.PostsApiControllerTest" tests="2" skipped="0" failures="0" errors="0" timestamp="2020-01-15T02:43:08" hostname="hwanyui-MacBook-Pro.local" time="0.197">
  <properties/>
  <testcase name="postsUpdate" classname="org.example.springboot.web.PostsApiControllerTest" time="0.18"/>
  <testcase name="postSave" classname="org.example.springboot.web.PostsApiControllerTest" time="0.016"/>
  <system-out><![CDATA[2020-01-15 11:43:08.705  INFO 16455 --- [    Test worker] .b.t.c.SpringBootTestContextBootstrapper : Neither @ContextConfiguration nor @ContextHierarchy found for test class [org.example.springboot.web.PostsApiControllerTest], using SpringBootContextLoader
2020-01-15 11:43:08.706  INFO 16455 --- [    Test worker] o.s.t.c.support.AbstractContextLoader    : Could not detect default resource locations for test class [org.example.springboot.web.PostsApiControllerTest]: no resource found for suffixes {-context.xml, Context.groovy}.
2020-01-15 11:43:08.706  INFO 16455 --- [    Test worker] t.c.s.AnnotationConfigContextLoaderUtils : Could not detect default configuration classes for test class [org.example.springboot.web.PostsApiControllerTest]: PostsApiControllerTest does not declare any static, non-private, non-final, nested classes annotated with @Configuration.
2020-01-15 11:43:08.708  INFO 16455 --- [    Test worker] .b.t.c.SpringBootTestContextBootstrapper : Found @SpringBootConfiguration org.example.springboot.Application for test class org.example.springboot.web.PostsApiControllerTest
2020-01-15 11:43:08.709  INFO 16455 --- [    Test worker] .b.t.c.SpringBootTestContextBootstrapper : Loaded default TestExecutionListener class names from location [META-INF/spring.factories]: [org.springframework.security.test.context.support.WithSecurityContextTestExecutionListener, org.springframework.security.test.context.support.ReactorContextTestExecutionListener, org.springframework.boot.test.autoconfigure.restdocs.RestDocsTestExecutionListener, org.springframework.boot.test.autoconfigure.web.client.MockRestServiceServerResetTestExecutionListener, org.springframework.boot.test.autoconfigure.web.servlet.MockMvcPrintOnlyOnFailureTestExecutionListener, org.springframework.boot.test.autoconfigure.web.servlet.WebDriverTestExecutionListener, org.springframework.boot.test.mock.mockito.MockitoTestExecutionListener, org.springframework.boot.test.mock.mockito.ResetMocksTestExecutionListener, org.springframework.test.context.web.ServletTestExecutionListener, org.springframework.test.context.support.DirtiesContextBeforeModesTestExecutionListener, org.springframework.test.context.support.DependencyInjectionTestExecutionListener, org.springframework.test.context.support.DirtiesContextTestExecutionListener, org.springframework.test.context.transaction.TransactionalTestExecutionListener, org.springframework.test.context.jdbc.SqlScriptsTestExecutionListener]
2020-01-15 11:43:08.710  INFO 16455 --- [    Test worker] .b.t.c.SpringBootTestContextBootstrapper : Using TestExecutionListeners: [org.springframework.test.context.web.ServletTestExecutionListener@7a13c50b, org.springframework.test.context.support.DirtiesContextBeforeModesTestExecutionListener@34e3f8bf, org.springframework.boot.test.mock.mockito.MockitoTestExecutionListener@64ff6647, org.springframework.boot.test.autoconfigure.SpringBootDependencyInjectionTestExecutionListener@79bb1db7, org.springframework.test.context.support.DirtiesContextTestExecutionListener@1d64b416, org.springframework.test.context.transaction.TransactionalTestExecutionListener@36698105, org.springframework.test.context.jdbc.SqlScriptsTestExecutionListener@29bb04d1, org.springframework.security.test.context.support.WithSecurityContextTestExecutionListener@84ce2f4, org.springframework.security.test.context.support.ReactorContextTestExecutionListener@303023ef, org.springframework.boot.test.autoconfigure.restdocs.RestDocsTestExecutionListener@4aabfd45, org.springframework.boot.test.autoconfigure.web.client.MockRestServiceServerResetTestExecutionListener@3b47e54d, org.springframework.boot.test.autoconfigure.web.servlet.MockMvcPrintOnlyOnFailureTestExecutionListener@5473fb93, org.springframework.boot.test.autoconfigure.web.servlet.WebDriverTestExecutionListener@656d85a9, org.springframework.boot.test.mock.mockito.ResetMocksTestExecutionListener@70391d94]
2020-01-15 11:43:08.720  INFO 16455 --- [    Test worker] o.a.c.c.C.[Tomcat].[localhost].[/]       : Initializing Spring TestDispatcherServlet ''
2020-01-15 11:43:08.721  INFO 16455 --- [    Test worker] o.s.t.web.servlet.TestDispatcherServlet  : Initializing Servlet ''
2020-01-15 11:43:08.724  INFO 16455 --- [    Test worker] o.s.t.web.servlet.TestDispatcherServlet  : Completed initialization in 3 ms
2020-01-15 11:43:08.897  INFO 16455 --- [    Test worker] o.a.c.c.C.[Tomcat].[localhost].[/]       : Initializing Spring TestDispatcherServlet ''
2020-01-15 11:43:08.897  INFO 16455 --- [    Test worker] o.s.t.web.servlet.TestDispatcherServlet  : Initializing Servlet ''
2020-01-15 11:43:08.900  INFO 16455 --- [    Test worker] o.s.t.web.servlet.TestDispatcherServlet  : Completed initialization in 3 ms
]]></system-out>
  <system-err><![CDATA[]]></system-err>
</testsuite>
